Info: Starting: Create block symbol file (.bsf)
Info: qsys-generate C:\Users\Francisco\Desktop\DE0_nano_QSYS\de0_nano.qsys --block-symbol-file --output-directory=C:\Users\Francisco\Desktop\DE0_nano_QSYS\de0_nano --family="Cyclone IV E" --part=EP4CE22F17C6
Progress: Loading DE0_nano_QSYS/de0_nano.qsys
Progress: Reading input file
Progress: Adding clk_0 [clock_source 15.0]
Progress: Parameterizing module clk_0
Progress: Adding jtag_uart_0 [altera_avalon_jtag_uart 15.0]
Progress: Parameterizing module jtag_uart_0
Progress: Adding nios2_gen2_0 [altera_nios2_gen2 15.0]
Progress: Parameterizing module nios2_gen2_0
Progress: Adding onchip_memory2_0 [altera_avalon_onchip_memory2 15.0]
Progress: Parameterizing module onchip_memory2_0
Progress: Adding sdram_0 [altera_avalon_new_sdram_controller 15.0]
Progress: Parameterizing module sdram_0
Progress: Building connections
Progress: Parameterizing connections
Progress: Validating
Progress: Done reading input file
Info: ip-generate succeeded.
Info: Finished: Create block symbol file (.bsf)
Info: 
Info: Starting: Create HDL design files for synthesis
Info: qsys-generate C:\Users\Francisco\Desktop\DE0_nano_QSYS\de0_nano.qsys --synthesis=VERILOG --output-directory=C:\Users\Francisco\Desktop\DE0_nano_QSYS\de0_nano\synthesis --family="Cyclone IV E" --part=EP4CE22F17C6
Progress: Loading DE0_nano_QSYS/de0_nano.qsys
Progress: Reading input file
Progress: Adding clk_0 [clock_source 15.0]
Progress: Parameterizing module clk_0
Progress: Adding jtag_uart_0 [altera_avalon_jtag_uart 15.0]
Progress: Parameterizing module jtag_uart_0
Progress: Adding nios2_gen2_0 [altera_nios2_gen2 15.0]
Progress: Parameterizing module nios2_gen2_0
Progress: Adding onchip_memory2_0 [altera_avalon_onchip_memory2 15.0]
Progress: Parameterizing module onchip_memory2_0
Progress: Adding sdram_0 [altera_avalon_new_sdram_controller 15.0]
Progress: Parameterizing module sdram_0
Progress: Building connections
Progress: Parameterizing connections
Progress: Validating
Progress: Done reading input file
Info: de0_nano: Generating de0_nano "de0_nano" for QUARTUS_SYNTH
Info: jtag_uart_0: Starting RTL generation for module 'de0_nano_jtag_uart_0'
Info: jtag_uart_0:   Generation command is [exec C:/altera/15.0/quartus/bin64/perl/bin/perl.exe -I C:/altera/15.0/quartus/bin64/perl/lib -I C:/altera/15.0/quartus/sopc_builder/bin/europa -I C:/altera/15.0/quartus/sopc_builder/bin/perl_lib -I C:/altera/15.0/quartus/sopc_builder/bin -I C:/altera/15.0/quartus/../ip/altera/sopc_builder_ip/common -I C:/altera/15.0/quartus/../ip/altera/sopc_builder_ip/altera_avalon_jtag_uart -- C:/altera/15.0/quartus/../ip/altera/sopc_builder_ip/altera_avalon_jtag_uart/generate_rtl.pl --name=de0_nano_jtag_uart_0 --dir=C:/Users/FRANCI~1/AppData/Local/Temp/alt7388_3911386193319244578.dir/0001_jtag_uart_0_gen/ --quartus_dir=C:/altera/15.0/quartus --verilog --config=C:/Users/FRANCI~1/AppData/Local/Temp/alt7388_3911386193319244578.dir/0001_jtag_uart_0_gen//de0_nano_jtag_uart_0_component_configuration.pl  --do_build_sim=0  ]
Info: jtag_uart_0: Done RTL generation for module 'de0_nano_jtag_uart_0'
Info: jtag_uart_0: "de0_nano" instantiated altera_avalon_jtag_uart "jtag_uart_0"
Info: nios2_gen2_0: "de0_nano" instantiated altera_nios2_gen2 "nios2_gen2_0"
Info: onchip_memory2_0: Starting RTL generation for module 'de0_nano_onchip_memory2_0'
Info: onchip_memory2_0:   Generation command is [exec C:/altera/15.0/quartus/bin64/perl/bin/perl.exe -I C:/altera/15.0/quartus/bin64/perl/lib -I C:/altera/15.0/quartus/sopc_builder/bin/europa -I C:/altera/15.0/quartus/sopc_builder/bin/perl_lib -I C:/altera/15.0/quartus/sopc_builder/bin -I C:/altera/15.0/quartus/../ip/altera/sopc_builder_ip/common -I C:/altera/15.0/quartus/../ip/altera/sopc_builder_ip/altera_avalon_onchip_memory2 -- C:/altera/15.0/quartus/../ip/altera/sopc_builder_ip/altera_avalon_onchip_memory2/generate_rtl.pl --name=de0_nano_onchip_memory2_0 --dir=C:/Users/FRANCI~1/AppData/Local/Temp/alt7388_3911386193319244578.dir/0002_onchip_memory2_0_gen/ --quartus_dir=C:/altera/15.0/quartus --verilog --config=C:/Users/FRANCI~1/AppData/Local/Temp/alt7388_3911386193319244578.dir/0002_onchip_memory2_0_gen//de0_nano_onchip_memory2_0_component_configuration.pl  --do_build_sim=0  ]
Info: onchip_memory2_0: Done RTL generation for module 'de0_nano_onchip_memory2_0'
Info: onchip_memory2_0: "de0_nano" instantiated altera_avalon_onchip_memory2 "onchip_memory2_0"
Info: sdram_0: Starting RTL generation for module 'de0_nano_sdram_0'
Info: sdram_0:   Generation command is [exec C:/altera/15.0/quartus/bin64/perl/bin/perl.exe -I C:/altera/15.0/quartus/bin64/perl/lib -I C:/altera/15.0/quartus/sopc_builder/bin/europa -I C:/altera/15.0/quartus/sopc_builder/bin/perl_lib -I C:/altera/15.0/quartus/sopc_builder/bin -I C:/altera/15.0/quartus/../ip/altera/sopc_builder_ip/common -I C:/altera/15.0/quartus/../ip/altera/sopc_builder_ip/altera_avalon_new_sdram_controller -- C:/altera/15.0/quartus/../ip/altera/sopc_builder_ip/altera_avalon_new_sdram_controller/generate_rtl.pl --name=de0_nano_sdram_0 --dir=C:/Users/FRANCI~1/AppData/Local/Temp/alt7388_3911386193319244578.dir/0003_sdram_0_gen/ --quartus_dir=C:/altera/15.0/quartus --verilog --config=C:/Users/FRANCI~1/AppData/Local/Temp/alt7388_3911386193319244578.dir/0003_sdram_0_gen//de0_nano_sdram_0_component_configuration.pl  --do_build_sim=0  ]
Info: sdram_0: Done RTL generation for module 'de0_nano_sdram_0'
Info: sdram_0: "de0_nano" instantiated altera_avalon_new_sdram_controller "sdram_0"
Info: avalon_st_adapter: Inserting error_adapter: error_adapter_0
Info: avalon_st_adapter_001: Inserting error_adapter: error_adapter_0
Info: avalon_st_adapter_002: Inserting error_adapter: error_adapter_0
Info: avalon_st_adapter_003: Inserting error_adapter: error_adapter_0
Info: mm_interconnect_0: "de0_nano" instantiated altera_mm_interconnect "mm_interconnect_0"
Info: irq_mapper: "de0_nano" instantiated altera_irq_mapper "irq_mapper"
Info: rst_controller: "de0_nano" instantiated altera_reset_controller "rst_controller"
Info: cpu: Starting RTL generation for module 'de0_nano_nios2_gen2_0_cpu'
Info: cpu:   Generation command is [exec C:/altera/15.0/quartus/bin64/eperlcmd.exe -I C:/altera/15.0/quartus/bin64/perl/lib -I C:/altera/15.0/quartus/sopc_builder/bin/europa -I C:/altera/15.0/quartus/sopc_builder/bin/perl_lib -I C:/altera/15.0/quartus/sopc_builder/bin -I C:/altera/15.0/quartus/../ip/altera/nios2_ip/altera_nios2_gen2/cpu_lib -I C:/altera/15.0/quartus/../ip/altera/nios2_ip/altera_nios2_gen2/nios_lib -I C:/altera/15.0/quartus/../ip/altera/nios2_ip/altera_nios2_gen2 -I C:/altera/15.0/quartus/../ip/altera/nios2_ip/altera_nios2_gen2 -- C:/altera/15.0/quartus/../ip/altera/nios2_ip/altera_nios2_gen2/generate_rtl.epl --name=de0_nano_nios2_gen2_0_cpu --dir=C:/Users/FRANCI~1/AppData/Local/Temp/alt7388_3911386193319244578.dir/0006_cpu_gen/ --quartus_bindir=C:/altera/15.0/quartus/bin64 --verilog --config=C:/Users/FRANCI~1/AppData/Local/Temp/alt7388_3911386193319244578.dir/0006_cpu_gen//de0_nano_nios2_gen2_0_cpu_processor_configuration.pl  --do_build_sim=0  ]
Info: cpu: # 2017.08.10 09:05:01 (*) Starting Nios II generation
Info: cpu: # 2017.08.10 09:05:01 (*)   Checking for plaintext license.
Info: cpu: # 2017.08.10 09:05:03 (*)   Couldn't query license setup in Quartus directory C:/altera/15.0/quartus/bin64
Info: cpu: # 2017.08.10 09:05:03 (*)   Defaulting to contents of LM_LICENSE_FILE environment variable
Info: cpu: # 2017.08.10 09:05:03 (*)   LM_LICENSE_FILE environment variable is empty
Info: cpu: # 2017.08.10 09:05:03 (*)   Plaintext license not found.
Info: cpu: # 2017.08.10 09:05:03 (*)   No license required to generate encrypted Nios II/e.
Info: cpu: # 2017.08.10 09:05:03 (*)   Elaborating CPU configuration settings
Info: cpu: # 2017.08.10 09:05:03 (*)   Creating all objects for CPU
Info: cpu: # 2017.08.10 09:05:04 (*)   Generating RTL from CPU objects
Info: cpu: # 2017.08.10 09:05:04 (*)   Creating plain-text RTL
Info: cpu: # 2017.08.10 09:05:05 (*) Done Nios II generation
Info: cpu: Done RTL generation for module 'de0_nano_nios2_gen2_0_cpu'
Info: cpu: "nios2_gen2_0" instantiated altera_nios2_gen2_unit "cpu"
Info: nios2_gen2_0_data_master_translator: "mm_interconnect_0" instantiated altera_merlin_master_translator "nios2_gen2_0_data_master_translator"
Info: jtag_uart_0_avalon_jtag_slave_translator: "mm_interconnect_0" instantiated altera_merlin_slave_translator "jtag_uart_0_avalon_jtag_slave_translator"
Info: nios2_gen2_0_data_master_agent: "mm_interconnect_0" instantiated altera_merlin_master_agent "nios2_gen2_0_data_master_agent"
Info: jtag_uart_0_avalon_jtag_slave_agent: "mm_interconnect_0" instantiated altera_merlin_slave_agent "jtag_uart_0_avalon_jtag_slave_agent"
Info: jtag_uart_0_avalon_jtag_slave_agent_rsp_fifo: "mm_interconnect_0" instantiated altera_avalon_sc_fifo "jtag_uart_0_avalon_jtag_slave_agent_rsp_fifo"
Info: router: "mm_interconnect_0" instantiated altera_merlin_router "router"
Info: router_001: "mm_interconnect_0" instantiated altera_merlin_router "router_001"
Info: router_002: "mm_interconnect_0" instantiated altera_merlin_router "router_002"
Info: router_003: "mm_interconnect_0" instantiated altera_merlin_router "router_003"
Info: router_005: "mm_interconnect_0" instantiated altera_merlin_router "router_005"
Info: sdram_0_s1_burst_adapter: "mm_interconnect_0" instantiated altera_merlin_burst_adapter "sdram_0_s1_burst_adapter"
Info: cmd_demux: "mm_interconnect_0" instantiated altera_merlin_demultiplexer "cmd_demux"
Info: cmd_demux_001: "mm_interconnect_0" instantiated altera_merlin_demultiplexer "cmd_demux_001"
Info: cmd_mux: "mm_interconnect_0" instantiated altera_merlin_multiplexer "cmd_mux"
Info: cmd_mux_001: "mm_interconnect_0" instantiated altera_merlin_multiplexer "cmd_mux_001"
Info: Reusing file C:/Users/Francisco/Desktop/DE0_nano_QSYS/de0_nano/synthesis/submodules/altera_merlin_arbitrator.sv
Info: rsp_demux: "mm_interconnect_0" instantiated altera_merlin_demultiplexer "rsp_demux"
Info: rsp_demux_001: "mm_interconnect_0" instantiated altera_merlin_demultiplexer "rsp_demux_001"
Info: rsp_mux: "mm_interconnect_0" instantiated altera_merlin_multiplexer "rsp_mux"
Info: Reusing file C:/Users/Francisco/Desktop/DE0_nano_QSYS/de0_nano/synthesis/submodules/altera_merlin_arbitrator.sv
Info: rsp_mux_001: "mm_interconnect_0" instantiated altera_merlin_multiplexer "rsp_mux_001"
Info: Reusing file C:/Users/Francisco/Desktop/DE0_nano_QSYS/de0_nano/synthesis/submodules/altera_merlin_arbitrator.sv
Info: sdram_0_s1_rsp_width_adapter: "mm_interconnect_0" instantiated altera_merlin_width_adapter "sdram_0_s1_rsp_width_adapter"
Info: Reusing file C:/Users/Francisco/Desktop/DE0_nano_QSYS/de0_nano/synthesis/submodules/altera_merlin_address_alignment.sv
Info: Reusing file C:/Users/Francisco/Desktop/DE0_nano_QSYS/de0_nano/synthesis/submodules/altera_merlin_burst_uncompressor.sv
Info: avalon_st_adapter: "mm_interconnect_0" instantiated altera_avalon_st_adapter "avalon_st_adapter"
Info: avalon_st_adapter_003: "mm_interconnect_0" instantiated altera_avalon_st_adapter "avalon_st_adapter_003"
Info: error_adapter_0: "avalon_st_adapter" instantiated error_adapter "error_adapter_0"
Info: error_adapter_0: "avalon_st_adapter_003" instantiated error_adapter "error_adapter_0"
Info: de0_nano: Done "de0_nano" with 33 modules, 55 files
Info: ip-generate succeeded.
Info: Finished: Create HDL design files for synthesis
