Info: Starting: Create block symbol file (.bsf)
Info: qsys-generate C:\Users\Francisco\Desktop\DE0_nano_QSYS\de0_nano.qsys --block-symbol-file --output-directory=C:\Users\Francisco\Desktop\DE0_nano_QSYS\de0_nano --family="Cyclone IV E" --part=EP4CE22F17C6
Progress: Loading DE0_nano_QSYS/de0_nano.qsys
Progress: Reading input file
Progress: Adding clk_0 [clock_source 15.0]
Progress: Parameterizing module clk_0
Progress: Adding cpu [altera_nios2_gen2 15.0]
Progress: Parameterizing module cpu
Progress: Adding jtag_uart [altera_avalon_jtag_uart 15.0]
Progress: Parameterizing module jtag_uart
Progress: Adding led_pio [altera_avalon_pio 15.0]
Progress: Parameterizing module led_pio
Progress: Adding onchip_memory [altera_avalon_onchip_memory2 15.0]
Progress: Parameterizing module onchip_memory
Progress: Adding sysid [altera_avalon_sysid_qsys 15.0]
Progress: Parameterizing module sysid
Progress: Building connections
Progress: Parameterizing connections
Progress: Validating
Progress: Done reading input file
Info: de0_nano.sysid: System ID is not assigned automatically. Edit the System ID parameter to provide a unique ID
Info: de0_nano.sysid: Time stamp will be automatically updated when this component is generated.
Info: ip-generate succeeded.
Info: Finished: Create block symbol file (.bsf)
Info: 
Info: Starting: Create HDL design files for synthesis
Info: qsys-generate C:\Users\Francisco\Desktop\DE0_nano_QSYS\de0_nano.qsys --synthesis=VHDL --output-directory=C:\Users\Francisco\Desktop\DE0_nano_QSYS\de0_nano\synthesis --family="Cyclone IV E" --part=EP4CE22F17C6
Progress: Loading DE0_nano_QSYS/de0_nano.qsys
Progress: Reading input file
Progress: Adding clk_0 [clock_source 15.0]
Progress: Parameterizing module clk_0
Progress: Adding cpu [altera_nios2_gen2 15.0]
Progress: Parameterizing module cpu
Progress: Adding jtag_uart [altera_avalon_jtag_uart 15.0]
Progress: Parameterizing module jtag_uart
Progress: Adding led_pio [altera_avalon_pio 15.0]
Progress: Parameterizing module led_pio
Progress: Adding onchip_memory [altera_avalon_onchip_memory2 15.0]
Progress: Parameterizing module onchip_memory
Progress: Adding sysid [altera_avalon_sysid_qsys 15.0]
Progress: Parameterizing module sysid
Progress: Building connections
Progress: Parameterizing connections
Progress: Validating
Progress: Done reading input file
Info: de0_nano.sysid: System ID is not assigned automatically. Edit the System ID parameter to provide a unique ID
Info: de0_nano.sysid: Time stamp will be automatically updated when this component is generated.
Info: de0_nano: Generating de0_nano "de0_nano" for QUARTUS_SYNTH
Info: cpu: "de0_nano" instantiated altera_nios2_gen2 "cpu"
Info: jtag_uart: Starting RTL generation for module 'de0_nano_jtag_uart'
Info: jtag_uart:   Generation command is [exec C:/altera/15.0/quartus/bin64/perl/bin/perl.exe -I C:/altera/15.0/quartus/bin64/perl/lib -I C:/altera/15.0/quartus/sopc_builder/bin/europa -I C:/altera/15.0/quartus/sopc_builder/bin/perl_lib -I C:/altera/15.0/quartus/sopc_builder/bin -I C:/altera/15.0/quartus/../ip/altera/sopc_builder_ip/common -I C:/altera/15.0/quartus/../ip/altera/sopc_builder_ip/altera_avalon_jtag_uart -- C:/altera/15.0/quartus/../ip/altera/sopc_builder_ip/altera_avalon_jtag_uart/generate_rtl.pl --name=de0_nano_jtag_uart --dir=C:/Users/FRANCI~1/AppData/Local/Temp/alt7434_7293678967048306229.dir/0001_jtag_uart_gen/ --quartus_dir=C:/altera/15.0/quartus --verilog --config=C:/Users/FRANCI~1/AppData/Local/Temp/alt7434_7293678967048306229.dir/0001_jtag_uart_gen//de0_nano_jtag_uart_component_configuration.pl  --do_build_sim=0  ]
Info: jtag_uart: Done RTL generation for module 'de0_nano_jtag_uart'
Info: jtag_uart: "de0_nano" instantiated altera_avalon_jtag_uart "jtag_uart"
Info: led_pio: Starting RTL generation for module 'de0_nano_led_pio'
Info: led_pio:   Generation command is [exec C:/altera/15.0/quartus/bin64/perl/bin/perl.exe -I C:/altera/15.0/quartus/bin64/perl/lib -I C:/altera/15.0/quartus/sopc_builder/bin/europa -I C:/altera/15.0/quartus/sopc_builder/bin/perl_lib -I C:/altera/15.0/quartus/sopc_builder/bin -I C:/altera/15.0/quartus/../ip/altera/sopc_builder_ip/common -I C:/altera/15.0/quartus/../ip/altera/sopc_builder_ip/altera_avalon_pio -- C:/altera/15.0/quartus/../ip/altera/sopc_builder_ip/altera_avalon_pio/generate_rtl.pl --name=de0_nano_led_pio --dir=C:/Users/FRANCI~1/AppData/Local/Temp/alt7434_7293678967048306229.dir/0002_led_pio_gen/ --quartus_dir=C:/altera/15.0/quartus --verilog --config=C:/Users/FRANCI~1/AppData/Local/Temp/alt7434_7293678967048306229.dir/0002_led_pio_gen//de0_nano_led_pio_component_configuration.pl  --do_build_sim=0  ]
Info: led_pio: Done RTL generation for module 'de0_nano_led_pio'
Info: led_pio: "de0_nano" instantiated altera_avalon_pio "led_pio"
Info: onchip_memory: Starting RTL generation for module 'de0_nano_onchip_memory'
Info: onchip_memory:   Generation command is [exec C:/altera/15.0/quartus/bin64/perl/bin/perl.exe -I C:/altera/15.0/quartus/bin64/perl/lib -I C:/altera/15.0/quartus/sopc_builder/bin/europa -I C:/altera/15.0/quartus/sopc_builder/bin/perl_lib -I C:/altera/15.0/quartus/sopc_builder/bin -I C:/altera/15.0/quartus/../ip/altera/sopc_builder_ip/common -I C:/altera/15.0/quartus/../ip/altera/sopc_builder_ip/altera_avalon_onchip_memory2 -- C:/altera/15.0/quartus/../ip/altera/sopc_builder_ip/altera_avalon_onchip_memory2/generate_rtl.pl --name=de0_nano_onchip_memory --dir=C:/Users/FRANCI~1/AppData/Local/Temp/alt7434_7293678967048306229.dir/0003_onchip_memory_gen/ --quartus_dir=C:/altera/15.0/quartus --verilog --config=C:/Users/FRANCI~1/AppData/Local/Temp/alt7434_7293678967048306229.dir/0003_onchip_memory_gen//de0_nano_onchip_memory_component_configuration.pl  --do_build_sim=0  ]
Info: onchip_memory: Done RTL generation for module 'de0_nano_onchip_memory'
Info: onchip_memory: "de0_nano" instantiated altera_avalon_onchip_memory2 "onchip_memory"
Info: sysid: "de0_nano" instantiated altera_avalon_sysid_qsys "sysid"
Info: avalon_st_adapter: Inserting error_adapter: error_adapter_0
Info: avalon_st_adapter_001: Inserting error_adapter: error_adapter_0
Info: avalon_st_adapter_002: Inserting error_adapter: error_adapter_0
Info: avalon_st_adapter_003: Inserting error_adapter: error_adapter_0
Info: avalon_st_adapter_004: Inserting error_adapter: error_adapter_0
Info: mm_interconnect_0: "de0_nano" instantiated altera_mm_interconnect "mm_interconnect_0"
Info: irq_mapper: "de0_nano" instantiated altera_irq_mapper "irq_mapper"
Info: rst_controller: "de0_nano" instantiated altera_reset_controller "rst_controller"
Info: cpu: Starting RTL generation for module 'de0_nano_cpu_cpu'
Info: cpu:   Generation command is [exec C:/altera/15.0/quartus/bin64/eperlcmd.exe -I C:/altera/15.0/quartus/bin64/perl/lib -I C:/altera/15.0/quartus/sopc_builder/bin/europa -I C:/altera/15.0/quartus/sopc_builder/bin/perl_lib -I C:/altera/15.0/quartus/sopc_builder/bin -I C:/altera/15.0/quartus/../ip/altera/nios2_ip/altera_nios2_gen2/cpu_lib -I C:/altera/15.0/quartus/../ip/altera/nios2_ip/altera_nios2_gen2/nios_lib -I C:/altera/15.0/quartus/../ip/altera/nios2_ip/altera_nios2_gen2 -I C:/altera/15.0/quartus/../ip/altera/nios2_ip/altera_nios2_gen2 -- C:/altera/15.0/quartus/../ip/altera/nios2_ip/altera_nios2_gen2/generate_rtl.epl --name=de0_nano_cpu_cpu --dir=C:/Users/FRANCI~1/AppData/Local/Temp/alt7434_7293678967048306229.dir/0007_cpu_gen/ --quartus_bindir=C:/altera/15.0/quartus/bin64 --verilog --config=C:/Users/FRANCI~1/AppData/Local/Temp/alt7434_7293678967048306229.dir/0007_cpu_gen//de0_nano_cpu_cpu_processor_configuration.pl  --do_build_sim=0  ]
Info: cpu: # 2017.09.25 09:51:30 (*) Starting Nios II generation
Info: cpu: # 2017.09.25 09:51:31 (*)   Checking for plaintext license.
Info: cpu: # 2017.09.25 09:51:34 (*)   Couldn't query license setup in Quartus directory C:/altera/15.0/quartus/bin64
Info: cpu: # 2017.09.25 09:51:34 (*)   Defaulting to contents of LM_LICENSE_FILE environment variable
Info: cpu: # 2017.09.25 09:51:34 (*)   LM_LICENSE_FILE environment variable is empty
Info: cpu: # 2017.09.25 09:51:34 (*)   Plaintext license not found.
Info: cpu: # 2017.09.25 09:51:34 (*)   No license required to generate encrypted Nios II/e.
Info: cpu: # 2017.09.25 09:51:34 (*)   Elaborating CPU configuration settings
Info: cpu: # 2017.09.25 09:51:34 (*)   Creating all objects for CPU
Info: cpu: # 2017.09.25 09:51:35 (*)   Generating RTL from CPU objects
Info: cpu: # 2017.09.25 09:51:35 (*)   Creating plain-text RTL
Info: cpu: # 2017.09.25 09:51:37 (*) Done Nios II generation
Info: cpu: Done RTL generation for module 'de0_nano_cpu_cpu'
Info: cpu: "cpu" instantiated altera_nios2_gen2_unit "cpu"
Info: cpu_data_master_translator: "mm_interconnect_0" instantiated altera_merlin_master_translator "cpu_data_master_translator"
Info: jtag_uart_avalon_jtag_slave_translator: "mm_interconnect_0" instantiated altera_merlin_slave_translator "jtag_uart_avalon_jtag_slave_translator"
Info: cpu_data_master_agent: "mm_interconnect_0" instantiated altera_merlin_master_agent "cpu_data_master_agent"
Info: jtag_uart_avalon_jtag_slave_agent: "mm_interconnect_0" instantiated altera_merlin_slave_agent "jtag_uart_avalon_jtag_slave_agent"
Info: jtag_uart_avalon_jtag_slave_agent_rsp_fifo: "mm_interconnect_0" instantiated altera_avalon_sc_fifo "jtag_uart_avalon_jtag_slave_agent_rsp_fifo"
Info: router: "mm_interconnect_0" instantiated altera_merlin_router "router"
Info: router_001: "mm_interconnect_0" instantiated altera_merlin_router "router_001"
Info: router_002: "mm_interconnect_0" instantiated altera_merlin_router "router_002"
Info: router_004: "mm_interconnect_0" instantiated altera_merlin_router "router_004"
Info: cmd_demux: "mm_interconnect_0" instantiated altera_merlin_demultiplexer "cmd_demux"
Info: cmd_demux_001: "mm_interconnect_0" instantiated altera_merlin_demultiplexer "cmd_demux_001"
Info: cmd_mux: "mm_interconnect_0" instantiated altera_merlin_multiplexer "cmd_mux"
Info: cmd_mux_002: "mm_interconnect_0" instantiated altera_merlin_multiplexer "cmd_mux_002"
Info: Reusing file C:/Users/Francisco/Desktop/DE0_nano_QSYS/de0_nano/synthesis/submodules/altera_merlin_arbitrator.sv
Info: rsp_demux: "mm_interconnect_0" instantiated altera_merlin_demultiplexer "rsp_demux"
Info: rsp_mux: "mm_interconnect_0" instantiated altera_merlin_multiplexer "rsp_mux"
Info: Reusing file C:/Users/Francisco/Desktop/DE0_nano_QSYS/de0_nano/synthesis/submodules/altera_merlin_arbitrator.sv
Info: rsp_mux_001: "mm_interconnect_0" instantiated altera_merlin_multiplexer "rsp_mux_001"
Info: Reusing file C:/Users/Francisco/Desktop/DE0_nano_QSYS/de0_nano/synthesis/submodules/altera_merlin_arbitrator.sv
Info: avalon_st_adapter: "mm_interconnect_0" instantiated altera_avalon_st_adapter "avalon_st_adapter"
Info: error_adapter_0: "avalon_st_adapter" instantiated error_adapter "error_adapter_0"
Info: de0_nano: Done "de0_nano" with 28 modules, 41 files
Info: ip-generate succeeded.
Info: Finished: Create HDL design files for synthesis
