11:19:25 **** Incremental Build of configuration Nios II for project DE0_NANO_c_program ****
make all 
Info: Building ../DE0_NANO_c_program_bsp/
C:/altera/15.0/nios2eds/bin/gnu/H-x86_64-mingw32/bin/make --no-print-directory -C ../DE0_NANO_c_program_bsp/
[BSP build complete]
Info: Compiling hello_world_small.c to obj/default/hello_world_small.o
nios2-elf-gcc -xc -MP -MMD -c -I../DE0_NANO_c_program_bsp//HAL/inc -I../DE0_NANO_c_program_bsp/ -I../DE0_NANO_c_program_bsp//drivers/inc  -pipe -D__hal__ -DALT_NO_C_PLUS_PLUS -DALT_NO_CLEAN_EXIT -D'exit(a)=_exit(a)' -DALT_NO_EXIT -DALT_USE_DIRECT_DRIVERS -DALT_NO_INSTRUCTION_EMULATION -DALT_USE_SMALL_DRIVERS -DSMALL_C_LIB -DALT_SINGLE_THREADED    -Os -g -Wall   -mno-hw-div -mno-hw-mul -mno-hw-mulx  -o obj/default/hello_world_small.o hello_world_small.c
hello_world_small.c: In function 'identificar_dominio':
hello_world_small.c:328:12: warning: '*((void *)&d+4)' may be used uninitialized in this function [-Wmaybe-uninitialized]
     *l_sup = d[1];
            ^
hello_world_small.c:327:12: warning: 'd' may be used uninitialized in this function [-Wmaybe-uninitialized]
     *l_inf = d[0];
            ^
Info: Linking DE0_NANO_c_program.elf
nios2-elf-g++  -T'../DE0_NANO_c_program_bsp//linker.x' -msys-crt0='../DE0_NANO_c_program_bsp//obj/HAL/src/crt0.o' -msys-lib=hal_bsp -L../DE0_NANO_c_program_bsp/  -msmallc  -Wl,-Map=DE0_NANO_c_program.map   -Os -g -Wall   -mno-hw-div -mno-hw-mul -mno-hw-mulx  -o DE0_NANO_c_program.elf obj/default/hello_world_small.o -lm -msys-lib=m
c:/altera/15.0/nios2eds/bin/gnu/h-x86_64-mingw32/bin/../lib/gcc/nios2-elf/4.9.1/../../../../../H-x86_64-mingw32/nios2-elf/bin/ld.exe: DE0_NANO_c_program.elf section `.text' will not fit in region `onchip_memory2_0'
c:/altera/15.0/nios2eds/bin/gnu/h-x86_64-mingw32/bin/../lib/gcc/nios2-elf/4.9.1/../../../../../H-x86_64-mingw32/nios2-elf/bin/ld.exe: address 0x2a034 of DE0_NANO_c_program.elf section `.rwdata' is not within region `onchip_memory2_0'
c:/altera/15.0/nios2eds/bin/gnu/h-x86_64-mingw32/bin/../lib/gcc/nios2-elf/4.9.1/../../../../../H-x86_64-mingw32/nios2-elf/bin/ld.exe: address 0x2a5a8 of DE0_NANO_c_program.elf section `.bss' is not within region `onchip_memory2_0'
c:/altera/15.0/nios2eds/bin/gnu/h-x86_64-mingw32/bin/../lib/gcc/nios2-elf/4.9.1/../../../../../H-x86_64-mingw32/nios2-elf/bin/ld.exe: address 0x2a034 of DE0_NANO_c_program.elf section `.rwdata' is not within region `onchip_memory2_0'
c:/altera/15.0/nios2eds/bin/gnu/h-x86_64-mingw32/bin/../lib/gcc/nios2-elf/4.9.1/../../../../../H-x86_64-mingw32/nios2-elf/bin/ld.exe: address 0x2a5a8 of DE0_NANO_c_program.elf section `.bss' is not within region `onchip_memory2_0'
c:/altera/15.0/nios2eds/bin/gnu/h-x86_64-mingw32/bin/../lib/gcc/nios2-elf/4.9.1/../../../../../H-x86_64-mingw32/nios2-elf/bin/ld.exe: region `onchip_memory2_0' overflowed by 6568 bytes
collect2.exe: error: ld returned 1 exit status
make: *** [DE0_NANO_c_program.elf] Error 1

11:19:26 Build Finished (took 1s.30ms)

