11:00:25 **** Incremental Build of configuration Nios II for project DE0_NANO_c_program ****
make all 
Info: Building ../DE0_NANO_c_program_bsp/
C:/altera/15.0/nios2eds/bin/gnu/H-x86_64-mingw32/bin/make --no-print-directory -C ../DE0_NANO_c_program_bsp/
[BSP build complete]
Info: Compiling hello_world_small.c to obj/default/hello_world_small.o
nios2-elf-gcc -xc -MP -MMD -c -I../DE0_NANO_c_program_bsp//HAL/inc -I../DE0_NANO_c_program_bsp/ -I../DE0_NANO_c_program_bsp//drivers/inc  -pipe -D__hal__ -DALT_NO_C_PLUS_PLUS -DALT_NO_CLEAN_EXIT -D'exit(a)=_exit(a)' -DALT_NO_EXIT -DALT_USE_DIRECT_DRIVERS -DALT_NO_INSTRUCTION_EMULATION -DALT_USE_SMALL_DRIVERS -DSMALL_C_LIB -DALT_SINGLE_THREADED    -Os -g -Wall   -mno-hw-div -mno-hw-mul -mno-hw-mulx  -o obj/default/hello_world_small.o hello_world_small.c
Info: Linking DE0_NANO_c_program.elf
nios2-elf-g++  -T'../DE0_NANO_c_program_bsp//linker.x' -msys-crt0='../DE0_NANO_c_program_bsp//obj/HAL/src/crt0.o' -msys-lib=hal_bsp -L../DE0_NANO_c_program_bsp/  -msmallc  -Wl,-Map=DE0_NANO_c_program.map   -Os -g -Wall   -mno-hw-div -mno-hw-mul -mno-hw-mulx  -o DE0_NANO_c_program.elf obj/default/hello_world_small.o -lm -msys-lib=m
nios2-elf-insert DE0_NANO_c_program.elf --thread_model hal --cpu_name nios2_gen2_0 --qsys true --simulation_enabled false --stderr_dev jtag_uart_0 --stdin_dev jtag_uart_0 --stdout_dev jtag_uart_0 --sopc_system_name de0_nano --quartus_project_dir "C:/Users/Francisco/Desktop/DE0_nano_QSYS" --jdi ../..//output_files/DE0_NANO_QSYS.jdi --sopcinfo C:/Users/Francisco/Desktop/DE0_nano_QSYS/software/DE0_NANO_c_program_bsp/../../de0_nano.sopcinfo
Info: (DE0_NANO_c_program.elf) 3196 Bytes program size (code + initialized data).
Info:                          31 KBytes free for stack + heap.
Info: Creating DE0_NANO_c_program.objdump
nios2-elf-objdump --disassemble --syms --all-header --source DE0_NANO_c_program.elf >DE0_NANO_c_program.objdump
[DE0_NANO_c_program build complete]
11:00:32 **** Build of configuration Nios II for project DE0_NANO_c_program ****
make all 
Info: Building ../DE0_NANO_c_program_bsp/
C:/altera/15.0/nios2eds/bin/gnu/H-x86_64-mingw32/bin/make --no-print-directory -C ../DE0_NANO_c_program_bsp/
[BSP build complete]
[DE0_NANO_c_program build complete]
11:00:33 **** Incremental Build of configuration Nios II for project DE0_NANO_c_program ****
make all 
Info: Building ../DE0_NANO_c_program_bsp/
C:/altera/15.0/nios2eds/bin/gnu/H-x86_64-mingw32/bin/make --no-print-directory -C ../DE0_NANO_c_program_bsp/
[BSP build complete]
[DE0_NANO_c_program build complete]
