Flow report for DE0_Nano_QSYS
Wed Sep 27 12:22:53 2017
Quartus II 64-Bit Version 15.0.0 Build 145 04/22/2015 SJ Web Edition


---------------------
; Table of Contents ;
---------------------
  1. Legal Notice
  2. Flow Summary
  3. Flow Settings
  4. Flow Non-Default Global Settings
  5. Flow Elapsed Time
  6. Flow OS Summary
  7. Flow Log
  8. Flow Messages
  9. Flow Suppressed Messages



----------------
; Legal Notice ;
----------------
Copyright (C) 1991-2015 Altera Corporation. All rights reserved.
Your use of Altera Corporation's design tools, logic functions 
and other software and tools, and its AMPP partner logic 
functions, and any output files from any of the foregoing 
(including device programming or simulation files), and any 
associated documentation or information are expressly subject 
to the terms and conditions of the Altera Program License 
Subscription Agreement, the Altera Quartus II License Agreement,
the Altera MegaCore Function License Agreement, or other 
applicable license agreement, including, without limitation, 
that your use is for the sole purpose of programming logic 
devices manufactured by Altera and sold by Altera or its 
authorized distributors.  Please refer to the applicable 
agreement for further details.



+---------------------------------------------------------------------------------+
; Flow Summary                                                                    ;
+------------------------------------+--------------------------------------------+
; Flow Status                        ; Successful - Wed Sep 27 12:22:53 2017      ;
; Quartus II 64-Bit Version          ; 15.0.0 Build 145 04/22/2015 SJ Web Edition ;
; Revision Name                      ; DE0_Nano_QSYS                              ;
; Top-level Entity Name              ; my_nios1                                   ;
; Family                             ; Cyclone IV E                               ;
; Device                             ; EP4CE22F17C6                               ;
; Timing Models                      ; Final                                      ;
; Total logic elements               ; 2,463 / 22,320 ( 11 % )                    ;
;     Total combinational functions  ; 2,235 / 22,320 ( 10 % )                    ;
;     Dedicated logic registers      ; 1,413 / 22,320 ( 6 % )                     ;
; Total registers                    ; 1482                                       ;
; Total pins                         ; 48 / 154 ( 31 % )                          ;
; Total virtual pins                 ; 0                                          ;
; Total memory bits                  ; 175,104 / 608,256 ( 29 % )                 ;
; Embedded Multiplier 9-bit elements ; 0 / 132 ( 0 % )                            ;
; Total PLLs                         ; 0 / 4 ( 0 % )                              ;
+------------------------------------+--------------------------------------------+


+-----------------------------------------+
; Flow Settings                           ;
+-------------------+---------------------+
; Option            ; Setting             ;
+-------------------+---------------------+
; Start date & time ; 09/27/2017 12:20:35 ;
; Main task         ; Compilation         ;
; Revision Name     ; DE0_Nano_QSYS       ;
+-------------------+---------------------+


+-------------------------------------------------------------------------------------------------------------------------------------------------+
; Flow Non-Default Global Settings                                                                                                                ;
+-------------------------------------+------------------------------------------------------------+---------------+-------------+----------------+
; Assignment Name                     ; Value                                                      ; Default Value ; Entity Name ; Section Id     ;
+-------------------------------------+------------------------------------------------------------+---------------+-------------+----------------+
; COMPILER_SIGNATURE_ID               ; 1098989878180.150652563505872                              ; --            ; --          ; --             ;
; EDA_OUTPUT_DATA_FORMAT              ; Vhdl                                                       ; --            ; --          ; eda_simulation ;
; EDA_SIMULATION_TOOL                 ; ModelSim-Altera (VHDL)                                     ; <None>        ; --          ; --             ;
; MAX_CORE_JUNCTION_TEMP              ; 85                                                         ; --            ; --          ; --             ;
; MIN_CORE_JUNCTION_TEMP              ; 0                                                          ; --            ; --          ; --             ;
; MISC_FILE                           ; QSYS/my_nios1/synthesis/../my_nios1.cmp                    ; --            ; --          ; --             ;
; MISC_FILE                           ; QSYS/my_nios1/synthesis/../../my_nios1.qsys                ; --            ; --          ; --             ;
; NOMINAL_CORE_SUPPLY_VOLTAGE         ; 1.2V                                                       ; --            ; --          ; --             ;
; PARTITION_COLOR                     ; 16764057                                                   ; --            ; my_nios1    ; Top            ;
; PARTITION_FITTER_PRESERVATION_LEVEL ; PLACEMENT_AND_ROUTING                                      ; --            ; my_nios1    ; Top            ;
; PARTITION_NETLIST_TYPE              ; SOURCE                                                     ; --            ; my_nios1    ; Top            ;
; POWER_BOARD_THERMAL_MODEL           ; None (CONSERVATIVE)                                        ; --            ; --          ; --             ;
; POWER_PRESET_COOLING_SOLUTION       ; 23 MM HEAT SINK WITH 200 LFPM AIRFLOW                      ; --            ; --          ; --             ;
; PROJECT_OUTPUT_DIRECTORY            ; output_files                                               ; --            ; --          ; --             ;
; SLD_FILE                            ; QSYS/my_nios1/synthesis/my_nios1.regmap                    ; --            ; --          ; --             ;
; SLD_FILE                            ; QSYS/my_nios1/synthesis/my_nios1.debuginfo                 ; --            ; --          ; --             ;
; SLD_INFO                            ; QSYS_NAME my_nios1 HAS_SOPCINFO 1 GENERATION_ID 1506524032 ; --            ; my_nios1    ; --             ;
; SOPCINFO_FILE                       ; QSYS/my_nios1/synthesis/../../my_nios1.sopcinfo            ; --            ; --          ; --             ;
; SYNTHESIS_ONLY_QIP                  ; On                                                         ; --            ; --          ; --             ;
; TOP_LEVEL_ENTITY                    ; my_nios1                                                   ; DE0_Nano_QSYS ; --          ; --             ;
+-------------------------------------+------------------------------------------------------------+---------------+-------------+----------------+


+-------------------------------------------------------------------------------------------------------------------------------+
; Flow Elapsed Time                                                                                                             ;
+---------------------------+--------------+-------------------------+---------------------+------------------------------------+
; Module Name               ; Elapsed Time ; Average Processors Used ; Peak Virtual Memory ; Total CPU Time (on all processors) ;
+---------------------------+--------------+-------------------------+---------------------+------------------------------------+
; Analysis & Synthesis      ; 00:01:09     ; 1.0                     ; 815 MB              ; 00:02:04                           ;
; Fitter                    ; 00:00:30     ; 1.0                     ; 995 MB              ; 00:00:29                           ;
; Assembler                 ; 00:00:03     ; 1.0                     ; 612 MB              ; 00:00:03                           ;
; TimeQuest Timing Analyzer ; 00:00:07     ; 1.0                     ; 724 MB              ; 00:00:06                           ;
; EDA Netlist Writer        ; 00:00:10     ; 1.0                     ; 609 MB              ; 00:00:09                           ;
; Total                     ; 00:01:59     ; --                      ; --                  ; 00:02:51                           ;
+---------------------------+--------------+-------------------------+---------------------+------------------------------------+


+----------------------------------------------------------------------------------------+
; Flow OS Summary                                                                        ;
+---------------------------+------------------+-----------+------------+----------------+
; Module Name               ; Machine Hostname ; OS Name   ; OS Version ; Processor type ;
+---------------------------+------------------+-----------+------------+----------------+
; Analysis & Synthesis      ; Francisco-PC     ; Windows 7 ; 6.1        ; x86_64         ;
; Fitter                    ; Francisco-PC     ; Windows 7 ; 6.1        ; x86_64         ;
; Assembler                 ; Francisco-PC     ; Windows 7 ; 6.1        ; x86_64         ;
; TimeQuest Timing Analyzer ; Francisco-PC     ; Windows 7 ; 6.1        ; x86_64         ;
; EDA Netlist Writer        ; Francisco-PC     ; Windows 7 ; 6.1        ; x86_64         ;
+---------------------------+------------------+-----------+------------+----------------+


------------
; Flow Log ;
------------
quartus_map --read_settings_files=on --write_settings_files=off DE0_Nano_QSYS -c DE0_Nano_QSYS
quartus_fit --read_settings_files=off --write_settings_files=off DE0_Nano_QSYS -c DE0_Nano_QSYS
quartus_asm --read_settings_files=off --write_settings_files=off DE0_Nano_QSYS -c DE0_Nano_QSYS
quartus_sta DE0_Nano_QSYS -c DE0_Nano_QSYS
quartus_eda --read_settings_files=off --write_settings_files=off DE0_Nano_QSYS -c DE0_Nano_QSYS



