Flow report for DE0_NANO_QSYS
Mon Sep 25 11:34:35 2017
Quartus II 64-Bit Version 15.0.0 Build 145 04/22/2015 Patches 0.01we SJ Web Edition


---------------------
; Table of Contents ;
---------------------
  1. Legal Notice
  2. Flow Summary
  3. Flow Settings
  4. Flow Non-Default Global Settings
  5. Flow Elapsed Time
  6. Flow OS Summary
  7. Flow Log
  8. Flow Messages
  9. Flow Suppressed Messages



----------------
; Legal Notice ;
----------------
Copyright (C) 1991-2015 Altera Corporation. All rights reserved.
Your use of Altera Corporation's design tools, logic functions 
and other software and tools, and its AMPP partner logic 
functions, and any output files from any of the foregoing 
(including device programming or simulation files), and any 
associated documentation or information are expressly subject 
to the terms and conditions of the Altera Program License 
Subscription Agreement, the Altera Quartus II License Agreement,
the Altera MegaCore Function License Agreement, or other 
applicable license agreement, including, without limitation, 
that your use is for the sole purpose of programming logic 
devices manufactured by Altera and sold by Altera or its 
authorized distributors.  Please refer to the applicable 
agreement for further details.



+------------------------------------------------------------------------------------------------+
; Flow Summary                                                                                   ;
+------------------------------------+-----------------------------------------------------------+
; Flow Status                        ; Successful - Mon Sep 25 11:34:29 2017                     ;
; Quartus II 64-Bit Version          ; 15.0.0 Build 145 04/22/2015 Patches 0.01we SJ Web Edition ;
; Revision Name                      ; DE0_NANO_QSYS                                             ;
; Top-level Entity Name              ; de0_nano                                                  ;
; Family                             ; Cyclone IV E                                              ;
; Total logic elements               ; 2,461 / 10,320 ( 24 % )                                   ;
;     Total combinational functions  ; 2,235 / 10,320 ( 22 % )                                   ;
;     Dedicated logic registers      ; 1,413 / 10,320 ( 14 % )                                   ;
; Total registers                    ; 1482                                                      ;
; Total pins                         ; 48 / 92 ( 52 % )                                          ;
; Total virtual pins                 ; 0                                                         ;
; Total memory bits                  ; 175,104 / 423,936 ( 41 % )                                ;
; Embedded Multiplier 9-bit elements ; 0 / 46 ( 0 % )                                            ;
; Total PLLs                         ; 0 / 2 ( 0 % )                                             ;
; Device                             ; EP4CE10E22C6                                              ;
; Timing Models                      ; Final                                                     ;
+------------------------------------+-----------------------------------------------------------+


+-----------------------------------------+
; Flow Settings                           ;
+-------------------+---------------------+
; Option            ; Setting             ;
+-------------------+---------------------+
; Start date & time ; 09/25/2017 11:33:33 ;
; Main task         ; Compilation         ;
; Revision Name     ; DE0_NANO_QSYS       ;
+-------------------+---------------------+


+---------------------------------------------------------------------------------------------------------------------------------------------+
; Flow Non-Default Global Settings                                                                                                            ;
+-------------------------------------+------------------------------------------------------------+---------------+-------------+------------+
; Assignment Name                     ; Value                                                      ; Default Value ; Entity Name ; Section Id ;
+-------------------------------------+------------------------------------------------------------+---------------+-------------+------------+
; COMPILER_SIGNATURE_ID               ; 70465359729243.150635001303820                             ; --            ; --          ; --         ;
; MISC_FILE                           ; de0_nano/synthesis/../de0_nano.cmp                         ; --            ; --          ; --         ;
; MISC_FILE                           ; de0_nano/synthesis/../../de0_nano.qsys                     ; --            ; --          ; --         ;
; PARTITION_COLOR                     ; 16764057                                                   ; --            ; de0_nano    ; Top        ;
; PARTITION_FITTER_PRESERVATION_LEVEL ; PLACEMENT_AND_ROUTING                                      ; --            ; de0_nano    ; Top        ;
; PARTITION_NETLIST_TYPE              ; SOURCE                                                     ; --            ; de0_nano    ; Top        ;
; PROJECT_OUTPUT_DIRECTORY            ; output_files                                               ; --            ; --          ; --         ;
; SLD_FILE                            ; de0_nano/synthesis/de0_nano.regmap                         ; --            ; --          ; --         ;
; SLD_FILE                            ; de0_nano/synthesis/de0_nano.debuginfo                      ; --            ; --          ; --         ;
; SLD_INFO                            ; QSYS_NAME de0_nano HAS_SOPCINFO 1 GENERATION_ID 1506346463 ; --            ; de0_nano    ; --         ;
; SOPCINFO_FILE                       ; de0_nano/synthesis/../../de0_nano.sopcinfo                 ; --            ; --          ; --         ;
; SYNTHESIS_ONLY_QIP                  ; On                                                         ; --            ; --          ; --         ;
; TOP_LEVEL_ENTITY                    ; de0_nano                                                   ; DE0_NANO_QSYS ; --          ; --         ;
+-------------------------------------+------------------------------------------------------------+---------------+-------------+------------+


+-------------------------------------------------------------------------------------------------------------------------------+
; Flow Elapsed Time                                                                                                             ;
+---------------------------+--------------+-------------------------+---------------------+------------------------------------+
; Module Name               ; Elapsed Time ; Average Processors Used ; Peak Virtual Memory ; Total CPU Time (on all processors) ;
+---------------------------+--------------+-------------------------+---------------------+------------------------------------+
; Analysis & Synthesis      ; 00:00:33     ; 1.0                     ; 799 MB              ; 00:00:54                           ;
; Fitter                    ; 00:00:14     ; 1.0                     ; 970 MB              ; 00:00:14                           ;
; Assembler                 ; 00:00:02     ; 1.0                     ; 610 MB              ; 00:00:01                           ;
; TimeQuest Timing Analyzer ; 00:00:04     ; 1.0                     ; 707 MB              ; 00:00:03                           ;
; Total                     ; 00:00:53     ; --                      ; --                  ; 00:01:12                           ;
+---------------------------+--------------+-------------------------+---------------------+------------------------------------+


+----------------------------------------------------------------------------------------+
; Flow OS Summary                                                                        ;
+---------------------------+------------------+-----------+------------+----------------+
; Module Name               ; Machine Hostname ; OS Name   ; OS Version ; Processor type ;
+---------------------------+------------------+-----------+------------+----------------+
; Analysis & Synthesis      ; LAAI-PC          ; Windows 7 ; 6.1        ; x86_64         ;
; Fitter                    ; LAAI-PC          ; Windows 7 ; 6.1        ; x86_64         ;
; Assembler                 ; LAAI-PC          ; Windows 7 ; 6.1        ; x86_64         ;
; TimeQuest Timing Analyzer ; LAAI-PC          ; Windows 7 ; 6.1        ; x86_64         ;
+---------------------------+------------------+-----------+------------+----------------+


------------
; Flow Log ;
------------
quartus_map --read_settings_files=on --write_settings_files=off DE0_NANO_QSYS -c DE0_NANO_QSYS
quartus_fit --read_settings_files=off --write_settings_files=off DE0_NANO_QSYS -c DE0_NANO_QSYS
quartus_asm --read_settings_files=off --write_settings_files=off DE0_NANO_QSYS -c DE0_NANO_QSYS
quartus_sta DE0_NANO_QSYS -c DE0_NANO_QSYS



